<?xml version="1.0" encoding="UTF-8"?>
<!-- Generated by org.testng.reporters.JUnitXMLReporter -->
<testsuite ignored="0" hostname="LAPTOP-LEC46EMO" failures="6" tests="8" name="Test" time="79.788" errors="0" timestamp="2025-03-27T12:34:20 IST">
  <testcase classname="com.test.HomePageTest" name="verifyLoginPageText" time="0.147"/>
  <testcase classname="com.test.RegisterPageTest" name="verifyRegisterPageNavigation" time="9.323"/>
  <testcase classname="com.test.RegisterPageTest" name="verifyRegisterPageNavigation1" time="9.557">
    <failure type="java.lang.NullPointerException" message="Cannot invoke &amp;quot;String.equals(Object)&amp;quot; because &amp;quot;gender&amp;quot; is null">
      <![CDATA[java.lang.NullPointerException: Cannot invoke "String.equals(Object)" because "gender" is null
at com.page.RegisterPage.enterRegistrationDetails(RegisterPage.java:51)
at com.test.RegisterPageTest.verifyRegisterPageNavigation1(RegisterPageTest.java:38)
at java.base/java.util.concurrent.ThreadPoolExecutor.runWorker(ThreadPoolExecutor.java:1144)
at java.base/java.util.concurrent.ThreadPoolExecutor$Worker.run(ThreadPoolExecutor.java:642)
at java.base/java.lang.Thread.run(Thread.java:1575)
... Removed 7 stack frames]]>
    </failure>
  </testcase> <!-- verifyRegisterPageNavigation1 -->
  <testcase classname="com.test.RegisterPageTest" name="verifyRegisterPageNavigation1" time="11.49">
    <failure type="java.lang.NullPointerException" message="Cannot invoke &amp;quot;String.equals(Object)&amp;quot; because &amp;quot;gender&amp;quot; is null">
      <![CDATA[java.lang.NullPointerException: Cannot invoke "String.equals(Object)" because "gender" is null
at com.page.RegisterPage.enterRegistrationDetails(RegisterPage.java:51)
at com.test.RegisterPageTest.verifyRegisterPageNavigation1(RegisterPageTest.java:38)
at java.base/java.util.concurrent.ThreadPoolExecutor.runWorker(ThreadPoolExecutor.java:1144)
at java.base/java.util.concurrent.ThreadPoolExecutor$Worker.run(ThreadPoolExecutor.java:642)
at java.base/java.lang.Thread.run(Thread.java:1575)
... Removed 7 stack frames]]>
    </failure>
  </testcase> <!-- verifyRegisterPageNavigation1 -->
  <testcase classname="com.test.RegisterPageTest" name="verifyRegisterPageNavigation1" time="10.103">
    <failure type="java.lang.NullPointerException" message="Cannot invoke &amp;quot;String.equals(Object)&amp;quot; because &amp;quot;gender&amp;quot; is null">
      <![CDATA[java.lang.NullPointerException: Cannot invoke "String.equals(Object)" because "gender" is null
at com.page.RegisterPage.enterRegistrationDetails(RegisterPage.java:51)
at com.test.RegisterPageTest.verifyRegisterPageNavigation1(RegisterPageTest.java:38)
at java.base/java.util.concurrent.ThreadPoolExecutor.runWorker(ThreadPoolExecutor.java:1144)
at java.base/java.util.concurrent.ThreadPoolExecutor$Worker.run(ThreadPoolExecutor.java:642)
at java.base/java.lang.Thread.run(Thread.java:1575)
... Removed 7 stack frames]]>
    </failure>
  </testcase> <!-- verifyRegisterPageNavigation1 -->
  <testcase classname="com.test.RegisterPageTest" name="verifyRegisterPageNavigation1" time="9.846">
    <failure type="java.lang.NullPointerException" message="Cannot invoke &amp;quot;String.equals(Object)&amp;quot; because &amp;quot;gender&amp;quot; is null">
      <![CDATA[java.lang.NullPointerException: Cannot invoke "String.equals(Object)" because "gender" is null
at com.page.RegisterPage.enterRegistrationDetails(RegisterPage.java:51)
at com.test.RegisterPageTest.verifyRegisterPageNavigation1(RegisterPageTest.java:38)
at java.base/java.util.concurrent.ThreadPoolExecutor.runWorker(ThreadPoolExecutor.java:1144)
at java.base/java.util.concurrent.ThreadPoolExecutor$Worker.run(ThreadPoolExecutor.java:642)
at java.base/java.lang.Thread.run(Thread.java:1575)
... Removed 7 stack frames]]>
    </failure>
  </testcase> <!-- verifyRegisterPageNavigation1 -->
  <testcase classname="com.test.RegisterPageTest" name="verifyRegisterPageNavigation1" time="10.37">
    <failure type="java.lang.NullPointerException" message="Cannot invoke &amp;quot;String.equals(Object)&amp;quot; because &amp;quot;gender&amp;quot; is null">
      <![CDATA[java.lang.NullPointerException: Cannot invoke "String.equals(Object)" because "gender" is null
at com.page.RegisterPage.enterRegistrationDetails(RegisterPage.java:51)
at com.test.RegisterPageTest.verifyRegisterPageNavigation1(RegisterPageTest.java:38)
at java.base/java.util.concurrent.ThreadPoolExecutor.runWorker(ThreadPoolExecutor.java:1144)
at java.base/java.util.concurrent.ThreadPoolExecutor$Worker.run(ThreadPoolExecutor.java:642)
at java.base/java.lang.Thread.run(Thread.java:1575)
... Removed 7 stack frames]]>
    </failure>
  </testcase> <!-- verifyRegisterPageNavigation1 -->
  <testcase classname="com.test.RegisterPageTest" name="verifyRegisterPageNavigation1" time="10.409">
    <failure type="java.lang.IllegalArgumentException" message="Keys to send should be a not null CharSequence">
      <![CDATA[java.lang.IllegalArgumentException: Keys to send should be a not null CharSequence
at org.openqa.selenium.remote.RemoteWebElement.sendKeys(RemoteWebElement.java:96)
at org.openqa.selenium.support.pagefactory.internal.LocatingElementHandler.invoke(LocatingElementHandler.java:51)
at jdk.proxy2/jdk.proxy2.$Proxy14.sendKeys(Unknown Source)
at com.page.RegisterPage.enterRegistrationDetails(RegisterPage.java:58)
at com.test.RegisterPageTest.verifyRegisterPageNavigation1(RegisterPageTest.java:38)
at java.base/java.util.concurrent.ThreadPoolExecutor.runWorker(ThreadPoolExecutor.java:1144)
at java.base/java.util.concurrent.ThreadPoolExecutor$Worker.run(ThreadPoolExecutor.java:642)
at java.base/java.lang.Thread.run(Thread.java:1575)
... Removed 9 stack frames]]>
    </failure>
  </testcase> <!-- verifyRegisterPageNavigation1 -->
</testsuite> <!-- Test -->
