<?xml version="1.0" encoding="UTF-8"?>
<testng-results ignored="0" total="8" passed="6" failed="2" skipped="0">
  <reporter-output>
  </reporter-output>
  <suite started-at="2025-03-27T06:05:47 IST" name="Suite" finished-at="2025-03-27T06:06:20 IST" duration-ms="33320">
    <groups>
    </groups>
    <test started-at="2025-03-27T06:05:47 IST" name="Test" finished-at="2025-03-27T06:06:20 IST" duration-ms="33320">
      <class name="com.test.HomePageTest">
        <test-method is-config="true" signature="setUp()[pri:0, instance:com.test.HomePageTest@3d285d7e]" started-at="2025-03-27T06:05:47 IST" name="setUp" finished-at="2025-03-27T06:05:52 IST" duration-ms="5084" status="PASS">
          <reporter-output>
          </reporter-output>
        </test-method> <!-- setUp -->
        <test-method signature="verifyLoginPageText()[pri:0, instance:com.test.HomePageTest@3d285d7e]" started-at="2025-03-27T06:05:52 IST" name="verifyLoginPageText" finished-at="2025-03-27T06:05:52 IST" duration-ms="168" status="PASS">
          <reporter-output>
          </reporter-output>
        </test-method> <!-- verifyLoginPageText -->
        <test-method is-config="true" signature="burnDown()[pri:0, instance:com.test.HomePageTest@3d285d7e]" started-at="2025-03-27T06:05:52 IST" name="burnDown" finished-at="2025-03-27T06:05:52 IST" duration-ms="379" status="PASS">
          <reporter-output>
          </reporter-output>
        </test-method> <!-- burnDown -->
      </class> <!-- com.test.HomePageTest -->
      <class name="com.test.RegisterPageTest">
        <test-method is-config="true" signature="setUp()[pri:0, instance:com.test.RegisterPageTest@6913c1fb]" started-at="2025-03-27T06:05:52 IST" name="setUp" finished-at="2025-03-27T06:05:56 IST" duration-ms="3745" status="PASS">
          <reporter-output>
          </reporter-output>
        </test-method> <!-- setUp -->
        <test-method signature="verifyRegisterPageNavigation()[pri:0, instance:com.test.RegisterPageTest@6913c1fb]" started-at="2025-03-27T06:05:56 IST" name="verifyRegisterPageNavigation" finished-at="2025-03-27T06:05:57 IST" duration-ms="903" status="PASS">
          <reporter-output>
          </reporter-output>
        </test-method> <!-- verifyRegisterPageNavigation -->
        <test-method is-config="true" signature="burnDown()[pri:0, instance:com.test.RegisterPageTest@6913c1fb]" started-at="2025-03-27T06:05:57 IST" name="burnDown" finished-at="2025-03-27T06:05:57 IST" duration-ms="354" status="PASS">
          <reporter-output>
          </reporter-output>
        </test-method> <!-- burnDown -->
        <test-method is-config="true" signature="setUp()[pri:0, instance:com.test.RegisterPageTest@6913c1fb]" started-at="2025-03-27T06:05:59 IST" name="setUp" finished-at="2025-03-27T06:06:08 IST" duration-ms="9285" status="PASS">
          <reporter-output>
          </reporter-output>
        </test-method> <!-- setUp -->
        <test-method is-config="true" signature="setUp()[pri:0, instance:com.test.RegisterPageTest@6913c1fb]" started-at="2025-03-27T06:05:59 IST" name="setUp" finished-at="2025-03-27T06:06:10 IST" duration-ms="11059" status="PASS">
          <reporter-output>
          </reporter-output>
        </test-method> <!-- setUp -->
        <test-method is-config="true" signature="setUp()[pri:0, instance:com.test.RegisterPageTest@6913c1fb]" started-at="2025-03-27T06:05:59 IST" name="setUp" finished-at="2025-03-27T06:06:09 IST" duration-ms="10280" status="PASS">
          <reporter-output>
          </reporter-output>
        </test-method> <!-- setUp -->
        <test-method is-config="true" signature="setUp()[pri:0, instance:com.test.RegisterPageTest@6913c1fb]" started-at="2025-03-27T06:05:59 IST" name="setUp" finished-at="2025-03-27T06:06:15 IST" duration-ms="15723" status="PASS">
          <reporter-output>
          </reporter-output>
        </test-method> <!-- setUp -->
        <test-method is-config="true" signature="setUp()[pri:0, instance:com.test.RegisterPageTest@6913c1fb]" started-at="2025-03-27T06:05:59 IST" name="setUp" finished-at="2025-03-27T06:06:09 IST" duration-ms="9822" status="PASS">
          <reporter-output>
          </reporter-output>
        </test-method> <!-- setUp -->
        <test-method is-config="true" signature="setUp()[pri:0, instance:com.test.RegisterPageTest@6913c1fb]" started-at="2025-03-27T06:05:59 IST" name="setUp" finished-at="2025-03-27T06:06:08 IST" duration-ms="9175" status="PASS">
          <reporter-output>
          </reporter-output>
        </test-method> <!-- setUp -->
        <test-method signature="verifyRegisterPageNavigation1(java.lang.String,java.lang.String,java.lang.String,java.lang.String,java.lang.String,java.lang.String)[pri:0, instance:com.test.RegisterPageTest@6913c1fb]" started-at="2025-03-27T06:06:08 IST" name="verifyRegisterPageNavigation1" data-provider="excelData" finished-at="2025-03-27T06:06:11 IST" duration-ms="2843" status="FAIL">
          <params>
            <param index="0">
              <value is-null="true"/>
            </param>
            <param index="1">
              <value is-null="true"/>
            </param>
            <param index="2">
              <value is-null="true"/>
            </param>
            <param index="3">
              <value is-null="true"/>
            </param>
            <param index="4">
              <value is-null="true"/>
            </param>
            <param index="5">
              <value is-null="true"/>
            </param>
          </params>
          <exception class="java.lang.NullPointerException">
            <message>
              <![CDATA[Cannot invoke "String.equals(Object)" because "gender" is null]]>
            </message>
            <full-stacktrace>
              <![CDATA[java.lang.NullPointerException: Cannot invoke "String.equals(Object)" because "gender" is null
at com.page.RegisterPage.enterRegistrationDetails(RegisterPage.java:42)
at com.test.RegisterPageTest.verifyRegisterPageNavigation1(RegisterPageTest.java:41)
at java.base/jdk.internal.reflect.DirectMethodHandleAccessor.invoke(DirectMethodHandleAccessor.java:103)
at java.base/java.lang.reflect.Method.invoke(Method.java:580)
at org.testng.internal.invokers.MethodInvocationHelper.invokeMethod(MethodInvocationHelper.java:141)
at org.testng.internal.invokers.TestInvoker.invokeMethod(TestInvoker.java:687)
at org.testng.internal.invokers.TestInvoker.invokeTestMethod(TestInvoker.java:230)
at org.testng.internal.invokers.TestMethodWithDataProviderMethodWorker.call(TestMethodWithDataProviderMethodWorker.java:81)
at org.testng.internal.thread.Async$AsyncTask.run(Async.java:34)
at java.base/java.util.concurrent.ThreadPoolExecutor.runWorker(ThreadPoolExecutor.java:1144)
at java.base/java.util.concurrent.ThreadPoolExecutor$Worker.run(ThreadPoolExecutor.java:642)
at java.base/java.lang.Thread.run(Thread.java:1575)
]]>
            </full-stacktrace>
          </exception> <!-- java.lang.NullPointerException -->
          <reporter-output>
          </reporter-output>
        </test-method> <!-- verifyRegisterPageNavigation1 -->
        <test-method signature="verifyRegisterPageNavigation1(java.lang.String,java.lang.String,java.lang.String,java.lang.String,java.lang.String,java.lang.String)[pri:0, instance:com.test.RegisterPageTest@6913c1fb]" started-at="2025-03-27T06:06:08 IST" name="verifyRegisterPageNavigation1" data-provider="excelData" finished-at="2025-03-27T06:06:16 IST" duration-ms="7460" status="PASS">
          <params>
            <param index="0">
              <value>
                <![CDATA[female]]>
              </value>
            </param>
            <param index="1">
              <value>
                <![CDATA[homi]]>
              </value>
            </param>
            <param index="2">
              <value>
                <![CDATA[M]]>
              </value>
            </param>
            <param index="3">
              <value>
                <![CDATA[homi@gmail.com]]>
              </value>
            </param>
            <param index="4">
              <value>
                <![CDATA[abcdef]]>
              </value>
            </param>
            <param index="5">
              <value>
                <![CDATA[abcdef]]>
              </value>
            </param>
          </params>
          <reporter-output>
          </reporter-output>
        </test-method> <!-- verifyRegisterPageNavigation1 -->
        <test-method signature="verifyRegisterPageNavigation1(java.lang.String,java.lang.String,java.lang.String,java.lang.String,java.lang.String,java.lang.String)[pri:0, instance:com.test.RegisterPageTest@6913c1fb]" started-at="2025-03-27T06:06:09 IST" name="verifyRegisterPageNavigation1" data-provider="excelData" finished-at="2025-03-27T06:06:11 IST" duration-ms="2866" status="FAIL">
          <params>
            <param index="0">
              <value is-null="true"/>
            </param>
            <param index="1">
              <value is-null="true"/>
            </param>
            <param index="2">
              <value is-null="true"/>
            </param>
            <param index="3">
              <value is-null="true"/>
            </param>
            <param index="4">
              <value is-null="true"/>
            </param>
            <param index="5">
              <value is-null="true"/>
            </param>
          </params>
          <exception class="java.lang.NullPointerException">
            <message>
              <![CDATA[Cannot invoke "String.equals(Object)" because "gender" is null]]>
            </message>
            <full-stacktrace>
              <![CDATA[java.lang.NullPointerException: Cannot invoke "String.equals(Object)" because "gender" is null
at com.page.RegisterPage.enterRegistrationDetails(RegisterPage.java:42)
at com.test.RegisterPageTest.verifyRegisterPageNavigation1(RegisterPageTest.java:41)
at java.base/jdk.internal.reflect.DirectMethodHandleAccessor.invoke(DirectMethodHandleAccessor.java:103)
at java.base/java.lang.reflect.Method.invoke(Method.java:580)
at org.testng.internal.invokers.MethodInvocationHelper.invokeMethod(MethodInvocationHelper.java:141)
at org.testng.internal.invokers.TestInvoker.invokeMethod(TestInvoker.java:687)
at org.testng.internal.invokers.TestInvoker.invokeTestMethod(TestInvoker.java:230)
at org.testng.internal.invokers.TestMethodWithDataProviderMethodWorker.call(TestMethodWithDataProviderMethodWorker.java:81)
at org.testng.internal.thread.Async$AsyncTask.run(Async.java:34)
at java.base/java.util.concurrent.ThreadPoolExecutor.runWorker(ThreadPoolExecutor.java:1144)
at java.base/java.util.concurrent.ThreadPoolExecutor$Worker.run(ThreadPoolExecutor.java:642)
at java.base/java.lang.Thread.run(Thread.java:1575)
]]>
            </full-stacktrace>
          </exception> <!-- java.lang.NullPointerException -->
          <reporter-output>
          </reporter-output>
        </test-method> <!-- verifyRegisterPageNavigation1 -->
        <test-method signature="verifyRegisterPageNavigation1(java.lang.String,java.lang.String,java.lang.String,java.lang.String,java.lang.String,java.lang.String)[pri:0, instance:com.test.RegisterPageTest@6913c1fb]" started-at="2025-03-27T06:06:09 IST" name="verifyRegisterPageNavigation1" data-provider="excelData" finished-at="2025-03-27T06:06:14 IST" duration-ms="4978" status="PASS">
          <params>
            <param index="0">
              <value>
                <![CDATA[male]]>
              </value>
            </param>
            <param index="1">
              <value>
                <![CDATA[ram]]>
              </value>
            </param>
            <param index="2">
              <value>
                <![CDATA[kumar]]>
              </value>
            </param>
            <param index="3">
              <value>
                <![CDATA[]]>
              </value>
            </param>
            <param index="4">
              <value>
                <![CDATA[abcdef]]>
              </value>
            </param>
            <param index="5">
              <value>
                <![CDATA[abcdef]]>
              </value>
            </param>
          </params>
          <reporter-output>
          </reporter-output>
        </test-method> <!-- verifyRegisterPageNavigation1 -->
        <test-method signature="verifyRegisterPageNavigation1(java.lang.String,java.lang.String,java.lang.String,java.lang.String,java.lang.String,java.lang.String)[pri:0, instance:com.test.RegisterPageTest@6913c1fb]" started-at="2025-03-27T06:06:10 IST" name="verifyRegisterPageNavigation1" data-provider="excelData" finished-at="2025-03-27T06:06:15 IST" duration-ms="5449" status="PASS">
          <params>
            <param index="0">
              <value>
                <![CDATA[female]]>
              </value>
            </param>
            <param index="1">
              <value>
                <![CDATA[jomm]]>
              </value>
            </param>
            <param index="2">
              <value>
                <![CDATA[N]]>
              </value>
            </param>
            <param index="3">
              <value>
                <![CDATA[jomm@gmail.com]]>
              </value>
            </param>
            <param index="4">
              <value>
                <![CDATA[abcdef]]>
              </value>
            </param>
            <param index="5">
              <value>
                <![CDATA[abcdef]]>
              </value>
            </param>
          </params>
          <reporter-output>
          </reporter-output>
        </test-method> <!-- verifyRegisterPageNavigation1 -->
        <test-method is-config="true" signature="burnDown()[pri:0, instance:com.test.RegisterPageTest@6913c1fb]" started-at="2025-03-27T06:06:11 IST" name="burnDown" finished-at="2025-03-27T06:06:14 IST" duration-ms="2846" status="PASS">
          <reporter-output>
          </reporter-output>
        </test-method> <!-- burnDown -->
        <test-method is-config="true" signature="burnDown()[pri:0, instance:com.test.RegisterPageTest@6913c1fb]" started-at="2025-03-27T06:06:11 IST" name="burnDown" finished-at="2025-03-27T06:06:14 IST" duration-ms="2335" status="PASS">
          <reporter-output>
          </reporter-output>
        </test-method> <!-- burnDown -->
        <test-method is-config="true" signature="burnDown()[pri:0, instance:com.test.RegisterPageTest@6913c1fb]" started-at="2025-03-27T06:06:14 IST" name="burnDown" finished-at="2025-03-27T06:06:14 IST" duration-ms="350" status="PASS">
          <reporter-output>
          </reporter-output>
        </test-method> <!-- burnDown -->
        <test-method signature="verifyRegisterPageNavigation1(java.lang.String,java.lang.String,java.lang.String,java.lang.String,java.lang.String,java.lang.String)[pri:0, instance:com.test.RegisterPageTest@6913c1fb]" started-at="2025-03-27T06:06:15 IST" name="verifyRegisterPageNavigation1" data-provider="excelData" finished-at="2025-03-27T06:06:18 IST" duration-ms="3558" status="PASS">
          <params>
            <param index="0">
              <value>
                <![CDATA[female]]>
              </value>
            </param>
            <param index="1">
              <value>
                <![CDATA[jeev]]>
              </value>
            </param>
            <param index="2">
              <value>
                <![CDATA[balaj]]>
              </value>
            </param>
            <param index="3">
              <value>
                <![CDATA[jeevbalaj@gmail.com]]>
              </value>
            </param>
            <param index="4">
              <value>
                <![CDATA[abcdef]]>
              </value>
            </param>
            <param index="5">
              <value>
                <![CDATA[abcdef]]>
              </value>
            </param>
          </params>
          <reporter-output>
          </reporter-output>
        </test-method> <!-- verifyRegisterPageNavigation1 -->
        <test-method is-config="true" signature="burnDown()[pri:0, instance:com.test.RegisterPageTest@6913c1fb]" started-at="2025-03-27T06:06:15 IST" name="burnDown" finished-at="2025-03-27T06:06:16 IST" duration-ms="391" status="PASS">
          <reporter-output>
          </reporter-output>
        </test-method> <!-- burnDown -->
        <test-method is-config="true" signature="burnDown()[pri:0, instance:com.test.RegisterPageTest@6913c1fb]" started-at="2025-03-27T06:06:16 IST" name="burnDown" finished-at="2025-03-27T06:06:16 IST" duration-ms="342" status="PASS">
          <reporter-output>
          </reporter-output>
        </test-method> <!-- burnDown -->
        <test-method is-config="true" signature="burnDown()[pri:0, instance:com.test.RegisterPageTest@6913c1fb]" started-at="2025-03-27T06:06:18 IST" name="burnDown" finished-at="2025-03-27T06:06:20 IST" duration-ms="1914" status="PASS">
          <reporter-output>
          </reporter-output>
        </test-method> <!-- burnDown -->
      </class> <!-- com.test.RegisterPageTest -->
    </test> <!-- Test -->
  </suite> <!-- Suite -->
</testng-results>
